<?xml version="1.0" encoding="UTF-8" ?>
<testsuite failures="0" time="0.074" errors="0" skipped="0" tests="5" name="com.jcheype.webServer.RouteTest">
  <properties>
    <property name="java.runtime.name" value="Java(TM) SE Runtime Environment"/>
    <property name="sun.boot.library.path" value="/System/Library/Java/JavaVirtualMachines/1.6.0.jdk/Contents/Libraries"/>
    <property name="java.vm.version" value="20.4-b02-402"/>
    <property name="awt.nativeDoubleBuffering" value="true"/>
    <property name="gopherProxySet" value="false"/>
    <property name="mrj.build" value="11D50"/>
    <property name="java.vm.vendor" value="Apple Inc."/>
    <property name="java.vendor.url" value="http://www.apple.com/"/>
    <property name="path.separator" value=":"/>
    <property name="java.vm.name" value="Java HotSpot(TM) 64-Bit Server VM"/>
    <property name="file.encoding.pkg" value="sun.io"/>
    <property name="user.country" value="US"/>
    <property name="sun.java.launcher" value="SUN_STANDARD"/>
    <property name="sun.os.patch.level" value="unknown"/>
    <property name="java.vm.specification.name" value="Java Virtual Machine Specification"/>
    <property name="user.dir" value="/Users/juliencheype/Projects/webserver/web-server-core"/>
    <property name="java.runtime.version" value="1.6.0_29-b11-402-11D50"/>
    <property name="java.awt.graphicsenv" value="apple.awt.CGraphicsEnvironment"/>
    <property name="basedir" value="/Users/juliencheype/Projects/webserver/web-server-core"/>
    <property name="java.endorsed.dirs" value="/System/Library/Java/JavaVirtualMachines/1.6.0.jdk/Contents/Home/lib/endorsed"/>
    <property name="os.arch" value="x86_64"/>
    <property name="surefire.real.class.path" value="/Users/juliencheype/Projects/webserver/web-server-core/target/surefire/surefirebooter3441144488999110975.jar"/>
    <property name="java.io.tmpdir" value="/var/folders/nb/_s_787sn1zj275kdyvhlcp680000gn/T/"/>
    <property name="line.separator" value="
"/>
    <property name="java.vm.specification.vendor" value="Sun Microsystems Inc."/>
    <property name="os.name" value="Mac OS X"/>
    <property name="sun.jnu.encoding" value="MacRoman"/>
    <property name="java.library.path" value=".:/Library/Java/Extensions:/System/Library/Java/Extensions:/usr/lib/java"/>
    <property name="surefire.test.class.path" value="/Users/juliencheype/Projects/webserver/web-server-core/target/test-classes:/Users/juliencheype/Projects/webserver/web-server-core/target/classes:/Users/juliencheype/.m2/repository/org/jboss/netty/netty/3.2.6.Final/netty-3.2.6.Final.jar:/Users/juliencheype/.m2/repository/javax/ws/rs/jsr311-api/1.1.1/jsr311-api-1.1.1.jar:/Users/juliencheype/.m2/repository/com/google/guava/guava/10.0.1/guava-10.0.1.jar:/Users/juliencheype/.m2/repository/com/google/code/findbugs/jsr305/1.3.9/jsr305-1.3.9.jar:/Users/juliencheype/Projects/webserver/concoct-haml/target/concoct-haml-0.1.jar:/Users/juliencheype/.m2/repository/rhino/js/1.7R2/js-1.7R2.jar:/Users/juliencheype/.m2/repository/org/filirom1/concoct-require-js/0.1/concoct-require-js-0.1.jar:/Users/juliencheype/.m2/repository/commons-io/commons-io/2.0.1/commons-io-2.0.1.jar:/Users/juliencheype/.m2/repository/com/thoughtworks/xstream/xstream/1.3.1/xstream-1.3.1.jar:/Users/juliencheype/.m2/repository/xpp3/xpp3_min/1.1.4c/xpp3_min-1.1.4c.jar:/Users/juliencheype/.m2/repository/org/codehaus/jackson/jackson-mapper-lgpl/1.9.0/jackson-mapper-lgpl-1.9.0.jar:/Users/juliencheype/.m2/repository/org/codehaus/jackson/jackson-core-lgpl/1.9.0/jackson-core-lgpl-1.9.0.jar:/Users/juliencheype/.m2/repository/org/slf4j/slf4j-api/1.6.1/slf4j-api-1.6.1.jar:/Users/juliencheype/.m2/repository/com/github/spullara/mustache/java/core/0.6.2/core-0.6.2.jar:/Users/juliencheype/.m2/repository/com/github/spullara/mustache/java/builder/0.6.2/builder-0.6.2.jar:/Users/juliencheype/Projects/webserver/jhaml/target/jhaml-1.0-SNAPSHOT.jar:/Users/juliencheype/.m2/repository/commons-lang/commons-lang/2.5/commons-lang-2.5.jar:/Users/juliencheype/.m2/repository/org/markdownj/markdownj/0.3.0-1.0.2b4/markdownj-0.3.0-1.0.2b4.jar:/Users/juliencheype/.m2/repository/ch/qos/logback/logback-classic/1.0.0/logback-classic-1.0.0.jar:/Users/juliencheype/.m2/repository/ch/qos/logback/logback-core/1.0.0/logback-core-1.0.0.jar:/Users/juliencheype/.m2/repository/junit/junit/4.8.2/junit-4.8.2.jar:/Users/juliencheype/.m2/repository/org/apache/httpcomponents/httpclient/4.1.2/httpclient-4.1.2.jar:/Users/juliencheype/.m2/repository/org/apache/httpcomponents/httpcore/4.1.2/httpcore-4.1.2.jar:/Users/juliencheype/.m2/repository/commons-logging/commons-logging/1.1.1/commons-logging-1.1.1.jar:/Users/juliencheype/.m2/repository/commons-codec/commons-codec/1.4/commons-codec-1.4.jar:/Users/juliencheype/.m2/repository/org/mockito/mockito-all/1.9.0/mockito-all-1.9.0.jar:"/>
    <property name="java.specification.name" value="Java Platform API Specification"/>
    <property name="java.class.version" value="50.0"/>
    <property name="sun.management.compiler" value="HotSpot 64-Bit Tiered Compilers"/>
    <property name="os.version" value="10.7.3"/>
    <property name="http.nonProxyHosts" value="local|*.local|169.254/16|*.169.254/16"/>
    <property name="user.home" value="/Users/juliencheype"/>
    <property name="user.timezone" value="Europe/Paris"/>
    <property name="java.awt.printerjob" value="apple.awt.CPrinterJob"/>
    <property name="java.specification.version" value="1.6"/>
    <property name="file.encoding" value="MacRoman"/>
    <property name="user.name" value="juliencheype"/>
    <property name="java.class.path" value="/Users/juliencheype/Projects/webserver/web-server-core/target/test-classes:/Users/juliencheype/Projects/webserver/web-server-core/target/classes:/Users/juliencheype/.m2/repository/org/jboss/netty/netty/3.2.6.Final/netty-3.2.6.Final.jar:/Users/juliencheype/.m2/repository/javax/ws/rs/jsr311-api/1.1.1/jsr311-api-1.1.1.jar:/Users/juliencheype/.m2/repository/com/google/guava/guava/10.0.1/guava-10.0.1.jar:/Users/juliencheype/.m2/repository/com/google/code/findbugs/jsr305/1.3.9/jsr305-1.3.9.jar:/Users/juliencheype/Projects/webserver/concoct-haml/target/concoct-haml-0.1.jar:/Users/juliencheype/.m2/repository/rhino/js/1.7R2/js-1.7R2.jar:/Users/juliencheype/.m2/repository/org/filirom1/concoct-require-js/0.1/concoct-require-js-0.1.jar:/Users/juliencheype/.m2/repository/commons-io/commons-io/2.0.1/commons-io-2.0.1.jar:/Users/juliencheype/.m2/repository/com/thoughtworks/xstream/xstream/1.3.1/xstream-1.3.1.jar:/Users/juliencheype/.m2/repository/xpp3/xpp3_min/1.1.4c/xpp3_min-1.1.4c.jar:/Users/juliencheype/.m2/repository/org/codehaus/jackson/jackson-mapper-lgpl/1.9.0/jackson-mapper-lgpl-1.9.0.jar:/Users/juliencheype/.m2/repository/org/codehaus/jackson/jackson-core-lgpl/1.9.0/jackson-core-lgpl-1.9.0.jar:/Users/juliencheype/.m2/repository/org/slf4j/slf4j-api/1.6.1/slf4j-api-1.6.1.jar:/Users/juliencheype/.m2/repository/com/github/spullara/mustache/java/core/0.6.2/core-0.6.2.jar:/Users/juliencheype/.m2/repository/com/github/spullara/mustache/java/builder/0.6.2/builder-0.6.2.jar:/Users/juliencheype/Projects/webserver/jhaml/target/jhaml-1.0-SNAPSHOT.jar:/Users/juliencheype/.m2/repository/commons-lang/commons-lang/2.5/commons-lang-2.5.jar:/Users/juliencheype/.m2/repository/org/markdownj/markdownj/0.3.0-1.0.2b4/markdownj-0.3.0-1.0.2b4.jar:/Users/juliencheype/.m2/repository/ch/qos/logback/logback-classic/1.0.0/logback-classic-1.0.0.jar:/Users/juliencheype/.m2/repository/ch/qos/logback/logback-core/1.0.0/logback-core-1.0.0.jar:/Users/juliencheype/.m2/repository/junit/junit/4.8.2/junit-4.8.2.jar:/Users/juliencheype/.m2/repository/org/apache/httpcomponents/httpclient/4.1.2/httpclient-4.1.2.jar:/Users/juliencheype/.m2/repository/org/apache/httpcomponents/httpcore/4.1.2/httpcore-4.1.2.jar:/Users/juliencheype/.m2/repository/commons-logging/commons-logging/1.1.1/commons-logging-1.1.1.jar:/Users/juliencheype/.m2/repository/commons-codec/commons-codec/1.4/commons-codec-1.4.jar:/Users/juliencheype/.m2/repository/org/mockito/mockito-all/1.9.0/mockito-all-1.9.0.jar:"/>
    <property name="java.vm.specification.version" value="1.0"/>
    <property name="sun.arch.data.model" value="64"/>
    <property name="java.home" value="/System/Library/Java/JavaVirtualMachines/1.6.0.jdk/Contents/Home"/>
    <property name="sun.java.command" value="/Users/juliencheype/Projects/webserver/web-server-core/target/surefire/surefirebooter3441144488999110975.jar /Users/juliencheype/Projects/webserver/web-server-core/target/surefire/surefire3034532495244888831tmp /Users/juliencheype/Projects/webserver/web-server-core/target/surefire/surefire7994933635654602470tmp"/>
    <property name="java.specification.vendor" value="Sun Microsystems Inc."/>
    <property name="user.language" value="en"/>
    <property name="awt.toolkit" value="apple.awt.CToolkit"/>
    <property name="java.vm.info" value="mixed mode"/>
    <property name="java.version" value="1.6.0_29"/>
    <property name="java.ext.dirs" value="/Library/Java/Extensions:/System/Library/Java/Extensions:/System/Library/Java/JavaVirtualMachines/1.6.0.jdk/Contents/Home/lib/ext"/>
    <property name="sun.boot.class.path" value="/System/Library/Java/JavaVirtualMachines/1.6.0.jdk/Contents/Classes/jsfd.jar:/System/Library/Java/JavaVirtualMachines/1.6.0.jdk/Contents/Classes/classes.jar:/System/Library/Frameworks/JavaVM.framework/Frameworks/JavaRuntimeSupport.framework/Resources/Java/JavaRuntimeSupport.jar:/System/Library/Java/JavaVirtualMachines/1.6.0.jdk/Contents/Classes/ui.jar:/System/Library/Java/JavaVirtualMachines/1.6.0.jdk/Contents/Classes/laf.jar:/System/Library/Java/JavaVirtualMachines/1.6.0.jdk/Contents/Classes/sunrsasign.jar:/System/Library/Java/JavaVirtualMachines/1.6.0.jdk/Contents/Classes/jsse.jar:/System/Library/Java/JavaVirtualMachines/1.6.0.jdk/Contents/Classes/jce.jar:/System/Library/Java/JavaVirtualMachines/1.6.0.jdk/Contents/Classes/charsets.jar"/>
    <property name="java.vendor" value="Apple Inc."/>
    <property name="localRepository" value="/Users/juliencheype/.m2/repository"/>
    <property name="file.separator" value="/"/>
    <property name="java.vendor.url.bug" value="http://bugreport.apple.com/"/>
    <property name="sun.cpu.endian" value="little"/>
    <property name="sun.io.unicode.encoding" value="UnicodeLittle"/>
    <property name="mrj.version" value="1070.1.6.0_29-402"/>
    <property name="socksNonProxyHosts" value="local|*.local|169.254/16|*.169.254/16"/>
    <property name="ftp.nonProxyHosts" value="local|*.local|169.254/16|*.169.254/16"/>
    <property name="sun.cpu.isalist" value=""/>
  </properties>
  <testcase time="0.071" classname="com.jcheype.webServer.RouteTest" name="parse_route_and_check_params"/>
  <testcase time="0" classname="com.jcheype.webServer.RouteTest" name="parse_bad_route"/>
  <testcase time="0.001" classname="com.jcheype.webServer.RouteTest" name="parse_with_content_type"/>
  <testcase time="0" classname="com.jcheype.webServer.RouteTest" name="parse_no_content_type"/>
  <testcase time="0" classname="com.jcheype.webServer.RouteTest" name="parse_bad_content_type"/>
</testsuite>